<?xml version="1.0" encoding="UTF-8"?>
<!-- Generated by org.testng.reporters.JUnitXMLReporter -->
<testsuite hostname="BLR-SOFT--68" ignored="0" name="Openwebsite" tests="4" failures="2" timestamp="22 Aug 2018 14:51:17 GMT" time="18.289" errors="0">
  <testcase name="openweb" time="2.84" classname="jdwebautomatn.Class1xmlfile"/>
  <testcase name="openwebhg" time="2.369" classname="jdwebautomatn.Class2"/>
  <testcase name="hotelr" time="0.001" classname="jdwebautomatn.Class1xmlfile">
    <failure type="java.lang.Error" message="Unresolved compilation problem: 
	Syntax error, insert &amp;quot;}&amp;quot; to complete MethodBody
">
      <![CDATA[java.lang.Error: Unresolved compilation problem: 
Syntax error, insert "}" to complete MethodBody

at jdwebautomatn.WebHomeElements.<init>(WebHomeElements.java:481)
at jdwebautomatn.Class1xmlfile.hotelr(Class1xmlfile.java:44)
... Removed 25 stack frames]]>
    </failure>
  </testcase> <!-- hotelr -->
  <testcase name="hotelr" time="0.002" classname="jdwebautomatn.Class2">
    <failure type="java.lang.Error" message="Unresolved compilation problem: 
	Syntax error, insert &amp;quot;}&amp;quot; to complete MethodBody
">
      <![CDATA[java.lang.Error: Unresolved compilation problem: 
Syntax error, insert "}" to complete MethodBody

at jdwebautomatn.WebHomeElements.<init>(WebHomeElements.java:481)
at jdwebautomatn.Class2.hotelr(Class2.java:45)
... Removed 25 stack frames]]>
    </failure>
  </testcase> <!-- hotelr -->
</testsuite> <!-- Openwebsite -->
